<?xml version="1.0" encoding="UTF-8"?>
<testng-results skipped="0" failed="0" total="1" passed="1">
  <reporter-output>
  </reporter-output>
  <suite name="Default suite" duration-ms="29300" started-at="2016-06-19T17:00:40Z" finished-at="2016-06-19T17:01:09Z">
    <groups>
    </groups>
    <test name="Default test" duration-ms="29300" started-at="2016-06-19T17:00:40Z" finished-at="2016-06-19T17:01:09Z">
      <class name="testPages.FlightPageTest">
        <test-method status="PASS" signature="beforeClass()[pri:0, instance:testPages.FlightPageTest@675d3402]" name="beforeClass" is-config="true" duration-ms="9669" started-at="2016-06-19T18:00:40Z" finished-at="2016-06-19T18:00:50Z">
          <reporter-output>
          </reporter-output>
        </test-method> <!-- beforeClass -->
        <test-method status="PASS" signature="test()[pri:0, instance:testPages.FlightPageTest@675d3402]" name="test" duration-ms="19614" started-at="2016-06-19T18:00:50Z" finished-at="2016-06-19T18:01:09Z">
          <reporter-output>
          </reporter-output>
        </test-method> <!-- test -->
        <test-method status="PASS" signature="afterClass()[pri:0, instance:testPages.FlightPageTest@675d3402]" name="afterClass" is-config="true" duration-ms="1" started-at="2016-06-19T18:01:09Z" finished-at="2016-06-19T18:01:09Z">
          <reporter-output>
          </reporter-output>
        </test-method> <!-- afterClass -->
      </class> <!-- testPages.FlightPageTest -->
    </test> <!-- Default test -->
  </suite> <!-- Default suite -->
</testng-results>
